#
# There is insufficient memory for the Java Runtime Environment to continue.
# Native memory allocation (malloc) failed to allocate 1048576 bytes for AllocateHeap
# Possible reasons:
#   The system is out of physical RAM or swap space
#   In 32 bit mode, the process size limit was hit
# Possible solutions:
#   Reduce memory load on the system
#   Increase physical memory or swap space
#   Check if swap backing store is full
#   Use 64 bit Java on a 64 bit OS
#   Decrease Java heap size (-Xmx/-Xms)
#   Decrease number of Java threads
#   Decrease Java thread stack sizes (-Xss)
#   Set larger code cache with -XX:ReservedCodeCacheSize=
# This output file may be truncated or incomplete.
#
#  Out of Memory Error (memory/allocation.inline.hpp:61), pid=30708, tid=0x000000000000607c
#
# JRE version:  (8.0_191-b12) (build )
# Java VM: Java HotSpot(TM) 64-Bit Server VM (25.191-b12 mixed mode windows-amd64 compressed oops)
# Failed to write core dump. Minidumps are not enabled by default on client versions of Windows
#

---------------  T H R E A D  ---------------

Current thread (0x0000000002ccd800):  JavaThread "Unknown thread" [_thread_in_vm, id=24700, stack(0x0000000002d30000,0x0000000002e30000)]

Stack: [0x0000000002d30000,0x0000000002e30000]
[error occurred during error reporting (printing stack bounds), id 0xc0000005]

Native frames: (J=compiled Java code, j=interpreted, Vv=VM code, C=native code)


---------------  P R O C E S S  ---------------

Java Threads: ( => current thread )

Other Threads:

=>0x0000000002ccd800 (exited) JavaThread "Unknown thread" [_thread_in_vm, id=24700, stack(0x0000000002d30000,0x0000000002e30000)]

VM state:not at safepoint (normal execution)

VM Mutex/Monitor currently owned by a thread: None

Heap:
 PSYoungGen      total 38400K, used 665K [0x00000000d5f00000, 0x00000000d8980000, 0x0000000100000000)
  eden space 33280K, 2% used [0x00000000d5f00000,0x00000000d5fa6670,0x00000000d7f80000)
  from space 5120K, 0% used [0x00000000d8480000,0x00000000d8480000,0x00000000d8980000)
  to   space 5120K, 0% used [0x00000000d7f80000,0x00000000d7f80000,0x00000000d8480000)
 ParOldGen       total 87552K, used 0K [0x0000000081c00000, 0x0000000087180000, 0x00000000d5f00000)
  object space 87552K, 0% used [0x0000000081c00000,0x0000000081c00000,0x0000000087180000)
 Metaspace       used 751K, capacity 4480K, committed 4480K, reserved 1056768K
  class space    used 76K, capacity 384K, committed 384K, reserved 1048576K

Card table byte_map: [0x00000000122f0000,0x00000000126f0000] byte_map_base: 0x0000000011ee2000

Marking Bits: (ParMarkBitMap*) 0x0000000064de3e30
 Begin Bits: [0x00000000131a0000, 0x0000000015130000)
 End Bits:   [0x0000000015130000, 0x00000000170c0000)

Polling page: 0x0000000001470000

CodeCache: size=245760Kb used=328Kb max_used=328Kb free=245431Kb
 bounds [0x0000000002f30000, 0x00000000031a0000, 0x0000000011f30000]
 total_blobs=58 nmethods=0 adapters=38
 compilation: enabled

Compilation events (0 events):
No events

GC Heap History (0 events):
No events

Deoptimization events (0 events):
No events

Classes redefined (0 events):
No events

Internal exceptions (0 events):
No events

Events (10 events):
Event: 0.039 loading class java/lang/Short
Event: 0.039 loading class java/lang/Short done
Event: 0.039 loading class java/lang/Integer
Event: 0.039 loading class java/lang/Integer done
Event: 0.039 loading class java/lang/Long
Event: 0.039 loading class java/lang/Long done
Event: 0.040 loading class java/lang/NullPointerException
Event: 0.040 loading class java/lang/NullPointerException done
Event: 0.040 loading class java/lang/ArithmeticException
Event: 0.040 loading class java/lang/ArithmeticException done


Dynamic libraries:
0x00007ff743580000 - 0x00007ff7435b7000 	C:\Program Files\Java\jre1.8.0_191\bin\javaw.exe
0x00007ff9c5390000 - 0x00007ff9c5571000 	C:\WINDOWS\SYSTEM32\ntdll.dll
0x00007ff9c2820000 - 0x00007ff9c28d2000 	C:\WINDOWS\System32\KERNEL32.DLL
0x00007ff9c1760000 - 0x00007ff9c19d3000 	C:\WINDOWS\System32\KERNELBASE.dll
0x00007ff9c4570000 - 0x00007ff9c4611000 	C:\WINDOWS\System32\ADVAPI32.dll
0x00007ff9c2c10000 - 0x00007ff9c2cae000 	C:\WINDOWS\System32\msvcrt.dll
0x00007ff9c3020000 - 0x00007ff9c307b000 	C:\WINDOWS\System32\sechost.dll
0x00007ff9c2d80000 - 0x00007ff9c2ea4000 	C:\WINDOWS\System32\RPCRT4.dll
0x00007ff9c4ed0000 - 0x00007ff9c5060000 	C:\WINDOWS\System32\USER32.dll
0x00007ff9c1d20000 - 0x00007ff9c1d40000 	C:\WINDOWS\System32\win32u.dll
0x00007ff9c52c0000 - 0x00007ff9c52e8000 	C:\WINDOWS\System32\GDI32.dll
0x00007ff9c1d40000 - 0x00007ff9c1ed2000 	C:\WINDOWS\System32\gdi32full.dll
0x00007ff9c1c80000 - 0x00007ff9c1d1f000 	C:\WINDOWS\System32\msvcp_win.dll
0x00007ff9c1f90000 - 0x00007ff9c208a000 	C:\WINDOWS\System32\ucrtbase.dll
0x00007ff9ad3b0000 - 0x00007ff9ad619000 	C:\WINDOWS\WinSxS\amd64_microsoft.windows.common-controls_6595b64144ccf1df_6.0.17134.407_none_fb449d63306391e9\COMCTL32.dll
0x00007ff9c28e0000 - 0x00007ff9c2c02000 	C:\WINDOWS\System32\combase.dll
0x00007ff9c27a0000 - 0x00007ff9c281a000 	C:\WINDOWS\System32\bcryptPrimitives.dll
0x00007ff9c4ea0000 - 0x00007ff9c4ecd000 	C:\WINDOWS\System32\IMM32.DLL
0x0000000064ff0000 - 0x00000000650c2000 	C:\Program Files\Java\jre1.8.0_191\bin\msvcr100.dll
0x00000000645c0000 - 0x0000000064e64000 	C:\Program Files\Java\jre1.8.0_191\bin\server\jvm.dll
0x00007ff9c51c0000 - 0x00007ff9c51c8000 	C:\WINDOWS\System32\PSAPI.DLL
0x00007ff9bb3d0000 - 0x00007ff9bb3f3000 	C:\WINDOWS\SYSTEM32\WINMM.dll
0x00007ff9b0540000 - 0x00007ff9b054a000 	C:\WINDOWS\SYSTEM32\VERSION.dll
0x00007ff9b0b40000 - 0x00007ff9b0b49000 	C:\WINDOWS\SYSTEM32\WSOCK32.dll
0x00007ff9c52f0000 - 0x00007ff9c535c000 	C:\WINDOWS\System32\WS2_32.dll
0x00007ff9bb370000 - 0x00007ff9bb39a000 	C:\WINDOWS\SYSTEM32\WINMMBASE.dll
0x00007ff9c19e0000 - 0x00007ff9c1a29000 	C:\WINDOWS\System32\cfgmgr32.dll
0x00000000651b0000 - 0x00000000651bf000 	C:\Program Files\Java\jre1.8.0_191\bin\verify.dll
0x0000000065180000 - 0x00000000651a9000 	C:\Program Files\Java\jre1.8.0_191\bin\java.dll
0x0000000065160000 - 0x0000000065176000 	C:\Program Files\Java\jre1.8.0_191\bin\zip.dll

VM Arguments:
jvm_args: -Dfile.encoding=Cp1252 
java_command: gui.Main
java_class_path (initial): C:\Users\Kelell\git\sep-proof-of-arvhitecture\bin;C:\Users\Kelell\git\sep-proof-of-arvhitecture\ArcProof\lib\mysql-connector-java-8.0.13.jar
Launcher Type: SUN_STANDARD

Environment Variables:
PATH=C:/Program Files/Java/jre1.8.0_191/bin/server;C:/Program Files/Java/jre1.8.0_191/bin;C:/Program Files/Java/jre1.8.0_191/lib/amd64;C:\Program Files (x86)\Common Files\Oracle\Java\javapath;C:\Program Files (x86)\Intel\iCLS Client\;C:\Program Files\Intel\iCLS Client\;C:\WINDOWS\system32;C:\WINDOWS;C:\WINDOWS\System32\Wbem;C:\WINDOWS\System32\WindowsPowerShell\v1.0\;C:\Program Files (x86)\Intel\Intel(R) Management Engine Components\DAL;C:\Program Files\Intel\Intel(R) Management Engine Components\DAL;C:\Program Files (x86)\Intel\Intel(R) Management Engine Components\IPT;C:\Program Files\Intel\Intel(R) Management Engine Components\IPT;C:\WINDOWS\System32\OpenSSH\;C:\Program Files\Intel\WiFi\bin\;C:\Program Files\Common Files\Intel\WirelessCommon\;C:\Users\Kelell\AppData\Local\Microsoft\WindowsApps;C:\Users\Kelell\AppData\Local\atom\bin;C:\Users\Kelell\Desktop;
USERNAME=Kelell
OS=Windows_NT
PROCESSOR_IDENTIFIER=Intel64 Family 6 Model 142 Stepping 10, GenuineIntel



---------------  S Y S T E M  ---------------

OS: Windows 10.0 , 64 bit Build 17134 (10.0.17134.1)

CPU:total 8 (initial active 8) (4 cores per cpu, 2 threads per core) family 6 model 142 stepping 10, cmov, cx8, fxsr, mmx, sse, sse2, sse3, ssse3, sse4.1, sse4.2, popcnt, avx, avx2, aes, clmul, erms, 3dnowpref, lzcnt, ht, tsc, tscinvbit, bmi1, bmi2, adx

Memory: 4k page, physical 8272100k(1861288k free), swap 23739744k(5752k free)

vm_info: Java HotSpot(TM) 64-Bit Server VM (25.191-b12) for windows-amd64 JRE (1.8.0_191-b12), built on Oct  6 2018 09:29:03 by "java_re" with MS VC++ 10.0 (VS2010)

time: Mon Dec 03 22:16:23 2018
elapsed time: 0 seconds (0d 0h 0m 0s)

